<?xml version="1.0" encoding="UTF-8"?>
<testsuite name="com.karim.exercises.arrays.CanBalanceTest" tests="1" skipped="0" failures="0" errors="0" timestamp="2023-07-01T16:56:12" hostname="LAPTOP-KARIM" time="0.043">
  <properties/>
  <testcase name="canBalance()" classname="com.karim.exercises.arrays.CanBalanceTest" time="0.043"/>
  <system-out><![CDATA[]]></system-out>
  <system-err><![CDATA[]]></system-err>
</testsuite>
