<?xml version="1.0" encoding="UTF-8"?>
<testsuite name="com.karim.exercises.functional.PayOnAverageTest" tests="1" skipped="0" failures="0" errors="0" timestamp="2023-07-11T21:07:30" hostname="LAPTOP-KARIM" time="0.051">
  <properties/>
  <testcase name="payOnAverage()" classname="com.karim.exercises.functional.PayOnAverageTest" time="0.051"/>
  <system-out><![CDATA[]]></system-out>
  <system-err><![CDATA[]]></system-err>
</testsuite>
